<?xml version="1.0" encoding="UTF-8"?>
<!-- Generated by org.testng.reporters.JUnitReportReporter -->
<testsuite skipped="0" hostname="Saqueeb-Ali"
	name="com.easybus.generic.BaseClass" tests="1" failures="0"
	timestamp="26 Feb 2021 18:33:05 GMT" time="24.183" errors="0">
	<testcase name="openBrowser" time="24.183"
		classname="com.easybus.generic.BaseClass" />
</testsuite> <!-- com.easybus.generic.BaseClass -->
