<?xml version="1.0" encoding="UTF-8"?>
<!-- Generated by org.testng.reporters.JUnitReportReporter -->
<testsuite skipped="0" hostname="Saqueeb-Ali" name="com.easybus.scripts.TicketBookTask" tests="1" failures="0" timestamp="28 Feb 2021 18:12:20 GMT" time="8.758" errors="0">
  <testcase name="bookTicket" time="8.758" classname="com.easybus.scripts.TicketBookTask"/>
</testsuite> <!-- com.easybus.scripts.TicketBookTask -->
